,number,value,datetime_start,datetime_complete,duration,params_anomaly_threshold,params_max_dist,params_num_bootstrap_samples,state
0,0,0.8088341781317886,2025-07-04 23:38:58.531811,2025-07-04 23:39:04.312741,0 days 00:00:05.780930,0.5800000000000001,0.52,3000,COMPLETE
1,1,0.7992700729927007,2025-07-04 23:39:04.313233,2025-07-04 23:39:10.173492,0 days 00:00:05.860259,0.65,0.5700000000000001,3500,COMPLETE
2,2,0.8645294725956567,2025-07-04 23:39:10.173956,2025-07-04 23:39:16.663950,0 days 00:00:06.489994,0.11,0.08,5000,COMPLETE
3,3,0.8633540372670806,2025-07-04 23:39:16.664401,2025-07-04 23:39:23.637208,0 days 00:00:06.972807,0.11,0.01,3500,COMPLETE
4,4,0.8295980078263963,2025-07-04 23:39:23.637659,2025-07-04 23:39:29.845699,0 days 00:00:06.208040,0.39,0.35000000000000003,5000,COMPLETE
5,5,0.8220551378446115,2025-07-04 23:39:29.846151,2025-07-04 23:39:35.633468,0 days 00:00:05.787317,0.43000000000000005,0.4,3000,COMPLETE
6,6,0.8512569832402235,2025-07-04 23:39:35.633919,2025-07-04 23:39:41.938729,0 days 00:00:06.304810,0.25,0.17,5000,COMPLETE
7,7,0.8641379310344829,2025-07-04 23:39:41.939205,2025-07-04 23:39:48.496833,0 days 00:00:06.557628,0.11,0.05,5000,COMPLETE
8,8,0.8291814946619217,2025-07-04 23:39:48.497288,2025-07-04 23:39:54.768257,0 days 00:00:06.270969,0.41000000000000003,0.32,5000,COMPLETE
9,9,0.8972212922664883,2025-07-04 23:39:54.768689,2025-07-04 23:40:01.299836,0 days 00:00:06.531147,0.09,0.08,5000,COMPLETE
10,10,0.8520586182833217,2025-07-04 23:40:01.300287,2025-07-04 23:40:07.399951,0 days 00:00:06.099664,0.21000000000000002,0.2,4000,COMPLETE
11,11,0.8619854721549637,2025-07-04 23:40:07.400407,2025-07-04 23:40:13.674168,0 days 00:00:06.273761,0.16000000000000003,0.15000000000000002,4500,COMPLETE
12,12,0.8935169633859589,2025-07-04 23:40:13.674626,2025-07-04 23:40:20.000185,0 days 00:00:06.325559,0.09999999999999999,0.09999999999999999,4500,COMPLETE
13,13,0.8512569832402235,2025-07-04 23:40:20.000637,2025-07-04 23:40:26.153313,0 days 00:00:06.152676,0.25,0.25,4500,COMPLETE
14,14,0.9099933818663136,2025-07-04 23:40:26.153928,2025-07-04 23:40:32.510156,0 days 00:00:06.356228,0.09,0.09,4500,COMPLETE
15,15,0.8407329105003524,2025-07-04 23:40:32.510610,2025-07-04 23:40:38.516350,0 days 00:00:06.005740,0.3,0.26,4000,COMPLETE
16,16,0.8220551378446115,2025-07-04 23:40:38.516803,2025-07-04 23:40:44.679445,0 days 00:00:06.162642,0.48,0.44,4500,COMPLETE
17,17,0.870967741935484,2025-07-04 23:40:44.679913,2025-07-04 23:40:50.910842,0 days 00:00:06.230929,0.14,0.13,4500,COMPLETE
18,18,0.9061359867330017,2025-07-04 23:40:50.911320,2025-07-04 23:40:57.693865,0 days 00:00:06.782545,0.02,0.02,4000,COMPLETE
19,19,0.931950745301361,2025-07-04 23:40:57.694320,2025-07-04 23:41:04.782753,0 days 00:00:07.088433,0.01,0.01,3500,COMPLETE
20,20,0.7904411764705882,2025-07-04 23:41:04.783227,2025-07-04 23:41:10.613482,0 days 00:00:05.830255,0.74,0.65,3500,COMPLETE
21,21,0.931950745301361,2025-07-04 23:41:10.613950,2025-07-04 23:41:17.712114,0 days 00:00:07.098164,0.01,0.01,4000,COMPLETE
22,22,0.8997995991983968,2025-07-04 23:41:17.712566,2025-07-04 23:41:24.039875,0 days 00:00:06.327309,0.04,0.04,3500,COMPLETE
23,23,0.8508557457212713,2025-07-04 23:41:24.040330,2025-07-04 23:41:30.125713,0 days 00:00:06.085383,0.26,0.23,4000,COMPLETE
24,24,0.870967741935484,2025-07-04 23:41:30.126167,2025-07-04 23:41:36.224062,0 days 00:00:06.097895,0.13999999999999999,0.12,3500,COMPLETE
25,25,0.9064366290643662,2025-07-04 23:41:36.224523,2025-07-04 23:41:43.388399,0 days 00:00:07.163876,0.02,0.01,4000,COMPLETE
26,26,0.8975903614457831,2025-07-04 23:41:43.388858,2025-07-04 23:41:49.511218,0 days 00:00:06.122360,0.07999999999999999,0.06999999999999999,3000,COMPLETE
27,27,0.8524590163934427,2025-07-04 23:41:49.511675,2025-07-04 23:41:55.548803,0 days 00:00:06.037128,0.2,0.17,4000,COMPLETE
28,28,0.8407329105003524,2025-07-04 23:41:55.549258,2025-07-04 23:42:01.438806,0 days 00:00:05.889548,0.32999999999999996,0.3,3500,COMPLETE
29,29,0.870967741935484,2025-07-04 23:42:01.439251,2025-07-04 23:42:07.479873,0 days 00:00:06.040622,0.14,0.11,3000,COMPLETE
30,30,0.8512569832402235,2025-07-04 23:42:07.480328,2025-07-04 23:42:13.685711,0 days 00:00:06.205383,0.23,0.2,4500,COMPLETE
31,31,0.931950745301361,2025-07-04 23:42:13.686176,2025-07-04 23:42:20.792577,0 days 00:00:07.106401,0.01,0.01,4000,COMPLETE
32,32,0.8994320080187103,2025-07-04 23:42:20.793038,2025-07-04 23:42:27.159959,0 days 00:00:06.366921,0.060000000000000005,0.05,4000,COMPLETE
33,33,0.931950745301361,2025-07-04 23:42:27.160421,2025-07-04 23:42:34.246914,0 days 00:00:07.086493,0.01,0.01,3500,COMPLETE
34,34,0.931950745301361,2025-07-04 23:42:34.247419,2025-07-04 23:42:41.332463,0 days 00:00:07.085044,0.01,0.01,3500,COMPLETE
35,35,0.8173975557153128,2025-07-04 23:42:41.332931,2025-07-04 23:42:47.259930,0 days 00:00:05.926999,0.52,0.49,3500,COMPLETE
36,36,0.9001669449081803,2025-07-04 23:42:47.260388,2025-07-04 23:42:53.446387,0 days 00:00:06.185999,0.05,0.05,3000,COMPLETE
37,37,0.931950745301361,2025-07-04 23:42:53.447067,2025-07-04 23:43:00.677226,0 days 00:00:07.230159,0.01,0.01,4000,COMPLETE
38,38,0.8994320080187103,2025-07-04 23:43:00.677683,2025-07-04 23:43:06.964218,0 days 00:00:06.286535,0.060000000000000005,0.05,3500,COMPLETE
39,39,0.8615916955017301,2025-07-04 23:43:06.964683,2025-07-04 23:43:12.970080,0 days 00:00:06.005397,0.17,0.14,3500,COMPLETE
40,40,0.8366336633663367,2025-07-04 23:43:12.970538,2025-07-04 23:43:18.797143,0 days 00:00:05.826605,0.39,0.37,3000,COMPLETE
41,41,0.931950745301361,2025-07-04 23:43:18.797602,2025-07-04 23:43:25.903769,0 days 00:00:07.106167,0.01,0.01,3500,COMPLETE
42,42,0.8986960882647944,2025-07-04 23:43:25.904222,2025-07-04 23:43:32.058812,0 days 00:00:06.154590,0.06999999999999999,0.06999999999999999,3500,COMPLETE
43,43,0.8997995991983968,2025-07-04 23:43:32.059285,2025-07-04 23:43:38.453136,0 days 00:00:06.393851,0.04,0.04,4000,COMPLETE
44,44,0.9099933818663136,2025-07-04 23:43:38.453593,2025-07-04 23:43:44.559966,0 days 00:00:06.106373,0.09,0.09,3500,COMPLETE
45,45,0.9046194749086076,2025-07-04 23:43:44.560431,2025-07-04 23:43:50.922122,0 days 00:00:06.361691,0.03,0.03,3000,COMPLETE
46,46,0.8975903614457831,2025-07-04 23:43:50.922588,2025-07-04 23:43:57.179844,0 days 00:00:06.257256,0.08,0.08,4000,COMPLETE
47,47,0.860803324099723,2025-07-04 23:43:57.180318,2025-07-04 23:44:03.230403,0 days 00:00:06.050085,0.18,0.16,3500,COMPLETE
48,48,0.8703703703703703,2025-07-04 23:44:03.230863,2025-07-04 23:44:09.335956,0 days 00:00:06.105093,0.13,0.11,3500,COMPLETE
49,49,0.8994320080187103,2025-07-04 23:44:09.336425,2025-07-04 23:44:15.580383,0 days 00:00:06.243958,0.060000000000000005,0.060000000000000005,4000,COMPLETE
